<?xml version="1.0" encoding="UTF-8"?>
<!-- Generated by org.testng.reporters.JUnitXMLReporter -->
<testsuite ignored="2" hostname="Sandeshs-MacBook-Air.local" failures="0" tests="2" name="Default test" time="21.816" errors="0" timestamp="2026-01-20T23:52:27 IST">
  <testcase classname="tests.LoginTest" name="testLoginExcel" time="0.009"/>
  <testcase classname="tests.LoginTest" name="testLoginExcel" time="0.004"/>
  <testcase classname="tests.LoginTest" name="DataTest" time="0.0">
    <ignored/>
  </testcase> <!-- DataTest -->
  <testcase classname="tests.LoginTest" name="performLogin" time="0.0">
    <ignored/>
  </testcase> <!-- performLogin -->
</testsuite> <!-- Default test -->
